...ro\include_file.p                  05/17/2021 13:49:17   PROGRESS(R) Page 1   

{} Line Blk
-- ---- ---
      1     DEFINE VARIABLE i AS INTEGER LABEL "value" INITIAL 1 NO-UNDO.
      2     DISP i WITH FRAME a.
      3     {d:\vaishali\BlockProperties\include_pro\display_customer.p}
 1    1     block-1:
 1    2   1 FOR EACH customer:
 1    3   1     DISP cust-num NAME.
 1    4     END.
      3        //including this file
      4     i = i + 1.
      5     DISP i WITH FRAME b.
...ro\include_file.p                  05/17/2021 13:49:17   PROGRESS(R) Page 2   

     File Name       Line Blk. Type   Tran            Blk. Label            
-------------------- ---- ----------- ---- --------------------------------
...ro\include_file.p    0 Procedure   No                                    
    Frames:  b
             a

...isplay_customer.p    2 For         No   block-1                          
    Buffers: sports1.Customer
    Frames:  Unnamed

